# JRE version: OpenJDK Runtime Environment Temurin-17.0.13+11 (17.0.13+11) (build 17.0.13+11)
# Java VM: OpenJDK 64-Bit Server VM Temurin-17.0.13+11 (17.0.13+11, mixed mode, tiered, compressed oops, compressed class ptrs, parallel gc, windows-amd64)
GC Precious Log:
 CPUs: 12 total, 12 available
 Memory: 15742M
 Large Page Support: Disabled
 NUMA Support: Disabled
 Compressed Oops: Enabled (32-bit)
 Alignments: Space 512K, Generation 512K, Heap 2M
 Heap Min Capacity: 100M
 Heap Initial Capacity: 100M
 Heap Max Capacity: 1G
 Pre-touch: Disabled
 Parallel Workers: 10
Heap:
 PSYoungGen      total 28672K, used 26349K [0x00000000eab00000, 0x00000000ed280000, 0x0000000100000000)
  eden space 19968K, 88% used [0x00000000eab00000,0x00000000ebc42fd8,0x00000000ebe80000)
  from space 8704K, 99% used [0x00000000ebf00000,0x00000000ec778578,0x00000000ec780000)
  to   space 10240K, 0% used [0x00000000ec880000,0x00000000ec880000,0x00000000ed280000)
 ParOldGen       total 213504K, used 189101K [0x00000000c0000000, 0x00000000cd080000, 0x00000000eab00000)
  object space 213504K, 88% used [0x00000000c0000000,0x00000000cb8ab410,0x00000000cd080000)
 Metaspace       used 65956K, committed 67136K, reserved 1114112K
  class space    used 6970K, committed 7488K, reserved 1048576K
GC Heap History (20 events):
Event: 8.430 GC heap before
{Heap before GC invocations=113 (full 7):
 PSYoungGen      total 26112K, used 19968K [0x00000000eab00000, 0x00000000ecc00000, 0x0000000100000000)
  eden space 19968K, 100% used [0x00000000eab00000,0x00000000ebe80000,0x00000000ebe80000)
  from space 6144K, 0% used [0x00000000ebe80000,0x00000000ebe80000,0x00000000ec480000)
  to   space 6144K, 0% used [0x00000000ec600000,0x00000000ec600000,0x00000000ecc00000)
 ParOldGen       total 213504K, used 169664K [0x00000000c0000000, 0x00000000cd080000, 0x00000000eab00000)
  object space 213504K, 79% used [0x00000000c0000000,0x00000000ca5b0088,0x00000000cd080000)
 Metaspace       used 65266K, committed 66432K, reserved 1114112K
  class space    used 6918K, committed 7424K, reserved 1048576K
}
Event: 8.432 GC heap after
{Heap after GC invocations=113 (full 7):
 PSYoungGen      total 23552K, used 3081K [0x00000000eab00000, 0x00000000ec980000, 0x0000000100000000)
  eden space 19968K, 0% used [0x00000000eab00000,0x00000000eab00000,0x00000000ebe80000)
  from space 3584K, 85% used [0x00000000ec600000,0x00000000ec902780,0x00000000ec980000)
  to   space 4096K, 0% used [0x00000000ec180000,0x00000000ec180000,0x00000000ec580000)
 ParOldGen       total 213504K, used 169672K [0x00000000c0000000, 0x00000000cd080000, 0x00000000eab00000)
  object space 213504K, 79% used [0x00000000c0000000,0x00000000ca5b2088,0x00000000cd080000)
 Metaspace       used 65266K, committed 66432K, reserved 1114112K
  class space    used 6918K, committed 7424K, reserved 1048576K
}
Event: 8.461 GC heap before
{Heap before GC invocations=114 (full 7):
 PSYoungGen      total 23552K, used 23049K [0x00000000eab00000, 0x00000000ec980000, 0x0000000100000000)
  eden space 19968K, 100% used [0x00000000eab00000,0x00000000ebe80000,0x00000000ebe80000)
  from space 3584K, 85% used [0x00000000ec600000,0x00000000ec902780,0x00000000ec980000)
  to   space 4096K, 0% used [0x00000000ec180000,0x00000000ec180000,0x00000000ec580000)
 ParOldGen       total 213504K, used 169672K [0x00000000c0000000, 0x00000000cd080000, 0x00000000eab00000)
  object space 213504K, 79% used [0x00000000c0000000,0x00000000ca5b2088,0x00000000cd080000)
 Metaspace       used 65310K, committed 66496K, reserved 1114112K
  class space    used 6918K, committed 7424K, reserved 1048576K
}
Event: 8.464 GC heap after
{Heap after GC invocations=114 (full 7):
 PSYoungGen      total 24064K, used 4080K [0x00000000eab00000, 0x00000000ecc80000, 0x0000000100000000)
  eden space 19968K, 0% used [0x00000000eab00000,0x00000000eab00000,0x00000000ebe80000)
  from space 4096K, 99% used [0x00000000ec180000,0x00000000ec57c238,0x00000000ec580000)
  to   space 7168K, 0% used [0x00000000ec580000,0x00000000ec580000,0x00000000ecc80000)
 ParOldGen       total 213504K, used 171883K [0x00000000c0000000, 0x00000000cd080000, 0x00000000eab00000)
  object space 213504K, 80% used [0x00000000c0000000,0x00000000ca7dae38,0x00000000cd080000)
 Metaspace       used 65310K, committed 66496K, reserved 1114112K
  class space    used 6918K, committed 7424K, reserved 1048576K
}
Event: 8.504 GC heap before
{Heap before GC invocations=115 (full 7):
 PSYoungGen      total 24064K, used 24048K [0x00000000eab00000, 0x00000000ecc80000, 0x0000000100000000)
  eden space 19968K, 100% used [0x00000000eab00000,0x00000000ebe80000,0x00000000ebe80000)
  from space 4096K, 99% used [0x00000000ec180000,0x00000000ec57c238,0x00000000ec580000)
  to   space 7168K, 0% used [0x00000000ec580000,0x00000000ec580000,0x00000000ecc80000)
 ParOldGen       total 213504K, used 171883K [0x00000000c0000000, 0x00000000cd080000, 0x00000000eab00000)
  object space 213504K, 80% used [0x00000000c0000000,0x00000000ca7dae50,0x00000000cd080000)
 Metaspace       used 65333K, committed 66560K, reserved 1114112K
  class space    used 6918K, committed 7424K, reserved 1048576K
}
Event: 8.507 GC heap after
{Heap after GC invocations=115 (full 7):
 PSYoungGen      total 27136K, used 6783K [0x00000000eab00000, 0x00000000ecc80000, 0x0000000100000000)
  eden space 19968K, 0% used [0x00000000eab00000,0x00000000eab00000,0x00000000ebe80000)
  from space 7168K, 94% used [0x00000000ec580000,0x00000000ecc1fd80,0x00000000ecc80000)
  to   space 7168K, 0% used [0x00000000ebe80000,0x00000000ebe80000,0x00000000ec580000)
 ParOldGen       total 213504K, used 171891K [0x00000000c0000000, 0x00000000cd080000, 0x00000000eab00000)
  object space 213504K, 80% used [0x00000000c0000000,0x00000000ca7dce50,0x00000000cd080000)
 Metaspace       used 65333K, committed 66560K, reserved 1114112K
  class space    used 6918K, committed 7424K, reserved 1048576K
}
Event: 8.540 GC heap before
{Heap before GC invocations=116 (full 7):
 PSYoungGen      total 27136K, used 26751K [0x00000000eab00000, 0x00000000ecc80000, 0x0000000100000000)
  eden space 19968K, 100% used [0x00000000eab00000,0x00000000ebe80000,0x00000000ebe80000)
  from space 7168K, 94% used [0x00000000ec580000,0x00000000ecc1fd80,0x00000000ecc80000)
  to   space 7168K, 0% used [0x00000000ebe80000,0x00000000ebe80000,0x00000000ec580000)
 ParOldGen       total 213504K, used 171893K [0x00000000c0000000, 0x00000000cd080000, 0x00000000eab00000)
  object space 213504K, 80% used [0x00000000c0000000,0x00000000ca7dd740,0x00000000cd080000)
 Metaspace       used 65411K, committed 66624K, reserved 1114112K
  class space    used 6918K, committed 7424K, reserved 1048576K
}
Event: 8.543 GC heap after
{Heap after GC invocations=116 (full 7):
 PSYoungGen      total 27136K, used 7141K [0x00000000eab00000, 0x00000000ed380000, 0x0000000100000000)
  eden space 19968K, 0% used [0x00000000eab00000,0x00000000eab00000,0x00000000ebe80000)
  from space 7168K, 99% used [0x00000000ebe80000,0x00000000ec579540,0x00000000ec580000)
  to   space 10752K, 0% used [0x00000000ec900000,0x00000000ec900000,0x00000000ed380000)
 ParOldGen       total 213504K, used 174820K [0x00000000c0000000, 0x00000000cd080000, 0x00000000eab00000)
  object space 213504K, 81% used [0x00000000c0000000,0x00000000caab90c8,0x00000000cd080000)
 Metaspace       used 65411K, committed 66624K, reserved 1114112K
  class space    used 6918K, committed 7424K, reserved 1048576K
}
Event: 8.575 GC heap before
{Heap before GC invocations=117 (full 7):
 PSYoungGen      total 27136K, used 27109K [0x00000000eab00000, 0x00000000ed380000, 0x0000000100000000)
  eden space 19968K, 100% used [0x00000000eab00000,0x00000000ebe80000,0x00000000ebe80000)
  from space 7168K, 99% used [0x00000000ebe80000,0x00000000ec579540,0x00000000ec580000)
  to   space 10752K, 0% used [0x00000000ec900000,0x00000000ec900000,0x00000000ed380000)
 ParOldGen       total 213504K, used 174820K [0x00000000c0000000, 0x00000000cd080000, 0x00000000eab00000)
  object space 213504K, 81% used [0x00000000c0000000,0x00000000caab90c8,0x00000000cd080000)
 Metaspace       used 65444K, committed 66624K, reserved 1114112K
  class space    used 6919K, committed 7424K, reserved 1048576K
}
Event: 8.578 GC heap after
{Heap after GC invocations=117 (full 7):
 PSYoungGen      total 27136K, used 7122K [0x00000000eab00000, 0x00000000ed000000, 0x0000000100000000)
  eden space 19968K, 0% used [0x00000000eab00000,0x00000000eab00000,0x00000000ebe80000)
  from space 7168K, 99% used [0x00000000ec900000,0x00000000ecff4aa8,0x00000000ed000000)
  to   space 8192K, 0% used [0x00000000ec000000,0x00000000ec000000,0x00000000ec800000)
 ParOldGen       total 213504K, used 177896K [0x00000000c0000000, 0x00000000cd080000, 0x00000000eab00000)
  object space 213504K, 83% used [0x00000000c0000000,0x00000000cadba238,0x00000000cd080000)
 Metaspace       used 65444K, committed 66624K, reserved 1114112K
  class space    used 6919K, committed 7424K, reserved 1048576K
}
Event: 8.611 GC heap before
{Heap before GC invocations=118 (full 7):
 PSYoungGen      total 27136K, used 27090K [0x00000000eab00000, 0x00000000ed000000, 0x0000000100000000)
  eden space 19968K, 100% used [0x00000000eab00000,0x00000000ebe80000,0x00000000ebe80000)
  from space 7168K, 99% used [0x00000000ec900000,0x00000000ecff4aa8,0x00000000ed000000)
  to   space 8192K, 0% used [0x00000000ec000000,0x00000000ec000000,0x00000000ec800000)
 ParOldGen       total 213504K, used 177896K [0x00000000c0000000, 0x00000000cd080000, 0x00000000eab00000)
  object space 213504K, 83% used [0x00000000c0000000,0x00000000cadba238,0x00000000cd080000)
 Metaspace       used 65496K, committed 66688K, reserved 1114112K
  class space    used 6919K, committed 7424K, reserved 1048576K
}
Event: 8.614 GC heap after
{Heap after GC invocations=118 (full 7):
 PSYoungGen      total 28160K, used 8175K [0x00000000eab00000, 0x00000000ed280000, 0x0000000100000000)
  eden space 19968K, 0% used [0x00000000eab00000,0x00000000eab00000,0x00000000ebe80000)
  from space 8192K, 99% used [0x00000000ec000000,0x00000000ec7fbeb8,0x00000000ec800000)
  to   space 10240K, 0% used [0x00000000ec880000,0x00000000ec880000,0x00000000ed280000)
 ParOldGen       total 213504K, used 179186K [0x00000000c0000000, 0x00000000cd080000, 0x00000000eab00000)
  object space 213504K, 83% used [0x00000000c0000000,0x00000000caefcbf8,0x00000000cd080000)
 Metaspace       used 65496K, committed 66688K, reserved 1114112K
  class space    used 6919K, committed 7424K, reserved 1048576K
}
Event: 8.640 GC heap before
{Heap before GC invocations=119 (full 7):
 PSYoungGen      total 28160K, used 28143K [0x00000000eab00000, 0x00000000ed280000, 0x0000000100000000)
  eden space 19968K, 100% used [0x00000000eab00000,0x00000000ebe80000,0x00000000ebe80000)
  from space 8192K, 99% used [0x00000000ec000000,0x00000000ec7fbeb8,0x00000000ec800000)
  to   space 10240K, 0% used [0x00000000ec880000,0x00000000ec880000,0x00000000ed280000)
 ParOldGen       total 213504K, used 179186K [0x00000000c0000000, 0x00000000cd080000, 0x00000000eab00000)
  object space 213504K, 83% used [0x00000000c0000000,0x00000000caefcbf8,0x00000000cd080000)
 Metaspace       used 65519K, committed 66688K, reserved 1114112K
  class space    used 6919K, committed 7424K, reserved 1048576K
}
Event: 8.643 GC heap after
{Heap after GC invocations=119 (full 7):
 PSYoungGen      total 27136K, used 7142K [0x00000000eab00000, 0x00000000ecf80000, 0x0000000100000000)
  eden space 19968K, 0% used [0x00000000eab00000,0x00000000eab00000,0x00000000ebe80000)
  from space 7168K, 99% used [0x00000000ec880000,0x00000000ecf79888,0x00000000ecf80000)
  to   space 8192K, 0% used [0x00000000ebf80000,0x00000000ebf80000,0x00000000ec780000)
 ParOldGen       total 213504K, used 182952K [0x00000000c0000000, 0x00000000cd080000, 0x00000000eab00000)
  object space 213504K, 85% used [0x00000000c0000000,0x00000000cb2aa1a0,0x00000000cd080000)
 Metaspace       used 65519K, committed 66688K, reserved 1114112K
  class space    used 6919K, committed 7424K, reserved 1048576K
}
Event: 8.668 GC heap before
{Heap before GC invocations=120 (full 7):
 PSYoungGen      total 27136K, used 27110K [0x00000000eab00000, 0x00000000ecf80000, 0x0000000100000000)
  eden space 19968K, 100% used [0x00000000eab00000,0x00000000ebe80000,0x00000000ebe80000)
  from space 7168K, 99% used [0x00000000ec880000,0x00000000ecf79888,0x00000000ecf80000)
  to   space 8192K, 0% used [0x00000000ebf80000,0x00000000ebf80000,0x00000000ec780000)
 ParOldGen       total 213504K, used 182952K [0x00000000c0000000, 0x00000000cd080000, 0x00000000eab00000)
  object space 213504K, 85% used [0x00000000c0000000,0x00000000cb2aa1a0,0x00000000cd080000)
 Metaspace       used 65528K, committed 66688K, reserved 1114112K
  class space    used 6919K, committed 7424K, reserved 1048576K
}
Event: 8.670 GC heap after
{Heap after GC invocations=120 (full 7):
 PSYoungGen      total 28160K, used 8177K [0x00000000eab00000, 0x00000000ed280000, 0x0000000100000000)
  eden space 19968K, 0% used [0x00000000eab00000,0x00000000eab00000,0x00000000ebe80000)
  from space 8192K, 99% used [0x00000000ebf80000,0x00000000ec77c788,0x00000000ec780000)
  to   space 10240K, 0% used [0x00000000ec880000,0x00000000ec880000,0x00000000ed280000)
 ParOldGen       total 213504K, used 184392K [0x00000000c0000000, 0x00000000cd080000, 0x00000000eab00000)
  object space 213504K, 86% used [0x00000000c0000000,0x00000000cb412318,0x00000000cd080000)
 Metaspace       used 65528K, committed 66688K, reserved 1114112K
  class space    used 6919K, committed 7424K, reserved 1048576K
}
Event: 8.694 GC heap before
{Heap before GC invocations=121 (full 7):
 PSYoungGen      total 28160K, used 28145K [0x00000000eab00000, 0x00000000ed280000, 0x0000000100000000)
  eden space 19968K, 100% used [0x00000000eab00000,0x00000000ebe80000,0x00000000ebe80000)
  from space 8192K, 99% used [0x00000000ebf80000,0x00000000ec77c788,0x00000000ec780000)
  to   space 10240K, 0% used [0x00000000ec880000,0x00000000ec880000,0x00000000ed280000)
 ParOldGen       total 213504K, used 184392K [0x00000000c0000000, 0x00000000cd080000, 0x00000000eab00000)
  object space 213504K, 86% used [0x00000000c0000000,0x00000000cb412330,0x00000000cd080000)
 Metaspace       used 65640K, committed 66880K, reserved 1114112K
  class space    used 6933K, committed 7488K, reserved 1048576K
}
Event: 8.696 GC heap after
{Heap after GC invocations=121 (full 7):
 PSYoungGen      total 27648K, used 7451K [0x00000000eab00000, 0x00000000ed000000, 0x0000000100000000)
  eden space 19968K, 0% used [0x00000000eab00000,0x00000000eab00000,0x00000000ebe80000)
  from space 7680K, 97% used [0x00000000ec880000,0x00000000ecfc6de8,0x00000000ed000000)
  to   space 8704K, 0% used [0x00000000ebf00000,0x00000000ebf00000,0x00000000ec780000)
 ParOldGen       total 213504K, used 188009K [0x00000000c0000000, 0x00000000cd080000, 0x00000000eab00000)
  object space 213504K, 88% used [0x00000000c0000000,0x00000000cb79a480,0x00000000cd080000)
 Metaspace       used 65640K, committed 66880K, reserved 1114112K
  class space    used 6933K, committed 7488K, reserved 1048576K
}
Event: 8.733 GC heap before
{Heap before GC invocations=122 (full 7):
 PSYoungGen      total 27648K, used 27419K [0x00000000eab00000, 0x00000000ed000000, 0x0000000100000000)
  eden space 19968K, 100% used [0x00000000eab00000,0x00000000ebe80000,0x00000000ebe80000)
  from space 7680K, 97% used [0x00000000ec880000,0x00000000ecfc6de8,0x00000000ed000000)
  to   space 8704K, 0% used [0x00000000ebf00000,0x00000000ebf00000,0x00000000ec780000)
 ParOldGen       total 213504K, used 188042K [0x00000000c0000000, 0x00000000cd080000, 0x00000000eab00000)
  object space 213504K, 88% used [0x00000000c0000000,0x00000000cb7a2b50,0x00000000cd080000)
 Metaspace       used 65898K, committed 67072K, reserved 1114112K
  class space    used 6969K, committed 7488K, reserved 1048576K
}
Event: 8.736 GC heap after
{Heap after GC invocations=122 (full 7):
 PSYoungGen      total 28672K, used 8673K [0x00000000eab00000, 0x00000000ed280000, 0x0000000100000000)
  eden space 19968K, 0% used [0x00000000eab00000,0x00000000eab00000,0x00000000ebe80000)
  from space 8704K, 99% used [0x00000000ebf00000,0x00000000ec778578,0x00000000ec780000)
  to   space 10240K, 0% used [0x00000000ec880000,0x00000000ec880000,0x00000000ed280000)
 ParOldGen       total 213504K, used 189101K [0x00000000c0000000, 0x00000000cd080000, 0x00000000eab00000)
  object space 213504K, 88% used [0x00000000c0000000,0x00000000cb8ab410,0x00000000cd080000)
 Metaspace       used 65898K, committed 67072K, reserved 1114112K
  class space    used 6969K, committed 7488K, reserved 1048576K
}

